
[[2024-01-04][13:19:21.191]] [INFO][rocket::launch] [🔧 Configured for [4mdebug[0m.]
[[2024-01-04][13:19:21.191]] [INFO][rocket::launch::_] [address: [1;39m127.0.0.1[0m]
[[2024-01-04][13:19:21.191]] [INFO][rocket::launch::_] [port: [1;39m8000[0m]
[[2024-01-04][13:19:21.192]] [INFO][rocket::launch::_] [workers: [1;39m6[0m]
[[2024-01-04][13:19:21.192]] [INFO][rocket::launch::_] [max blocking threads: [1;39m512[0m]
[[2024-01-04][13:19:21.192]] [INFO][rocket::launch::_] [ident: [1;39mRocket[0m]
[[2024-01-04][13:19:21.192]] [INFO][rocket::launch::_] [IP header: [1;39mX-Real-IP[0m]
[[2024-01-04][13:19:21.192]] [INFO][rocket::launch::_] [limits: [1;39mbytes = 8KiB, data-form = 2MiB, file = 1MiB, form = 32KiB, json = 1MiB, msgpack = 1MiB, string = 8KiB[0m]
[[2024-01-04][13:19:21.192]] [INFO][rocket::launch::_] [temp dir: [1;39m/tmp[0m]
[[2024-01-04][13:19:21.192]] [INFO][rocket::launch::_] [http/2: [1;39mtrue[0m]
[[2024-01-04][13:19:21.193]] [INFO][rocket::launch::_] [keep-alive: [1;39m5[0m[1;39ms[0m]
[[2024-01-04][13:19:21.193]] [INFO][rocket::launch::_] [tls: [1;39mdisabled[0m]
[[2024-01-04][13:19:21.193]] [INFO][rocket::launch::_] [shutdown: [1;39mctrlc = true, force = true, signals = [SIGTERM], grace = 2s, mercy = 3s[0m]
[[2024-01-04][13:19:21.193]] [INFO][rocket::launch::_] [log level: [1;39mnormal[0m]
[[2024-01-04][13:19:21.193]] [INFO][rocket::launch::_] [cli colors: [1;39mtrue[0m]
[[2024-01-04][13:19:21.193]] [INFO][rocket::launch::_] [secret key: [1;39m[generated][0m]
[[2024-01-04][13:19:21.194]] [WARN][rocket::config::config] [secrets enabled without a stable `secret_key`]
[[2024-01-04][13:19:21.194]] [INFO][rocket::launch::_] [disable `secrets` feature or configure a `secret_key`]
[[2024-01-04][13:19:21.194]] [INFO][rocket::launch::_] [this becomes an [31merror[0m in non-debug profiles]
[[2024-01-04][13:19:21.194]] [INFO][rocket::launch] [📬 [35mRoutes[0m:]
[[2024-01-04][13:19:21.194]] [INFO][rocket::launch::_] [[36m([0m[39mindex[0m[36m)[0m [32mGET[0m [34m/[0m]
[[2024-01-04][13:19:21.194]] [INFO][rocket::launch::_] [[36m([0m[39mshutdown[0m[36m)[0m [32mGET[0m [34m/shutdown[0m]
[[2024-01-04][13:19:21.194]] [INFO][rocket::launch::_] [[36m([0m[39mFileServer: static[0m[36m)[0m [32mGET[0m [4;34m/assets[0m[34m/<path..>[0m [[1;39m10[0m]]
[[2024-01-04][13:19:21.195]] [INFO][rocket::launch] [🥅 [35mCatchers[0m:]
[[2024-01-04][13:19:21.195]] [INFO][rocket::launch::_] [[36m([0m[39mbad_request[0m[36m)[0m [34m400[0m]
[[2024-01-04][13:19:21.195]] [INFO][rocket::launch::_] [[36m([0m[39mnot_found[0m[36m)[0m [34m404[0m]
[[2024-01-04][13:19:21.195]] [INFO][rocket::launch::_] [[36m([0m[39munprocessable_entity[0m[36m)[0m [34m422[0m]
[[2024-01-04][13:19:21.195]] [INFO][rocket::launch::_] [[36m([0m[39minternal_server_error[0m[36m)[0m [34m500[0m]
[[2024-01-04][13:19:21.212]] [INFO][rocket::launch] [📡 [35mFairings[0m:]
[[2024-01-04][13:19:21.212]] [INFO][rocket::launch::_] [[1;39mShield[0m ([1;34mliftoff, response, singleton[0m)]
[[2024-01-04][13:19:21.212]] [INFO][rocket::launch::_] [[1;39mCSRF Fairing[0m ([1;34mignite, request[0m)]
[[2024-01-04][13:19:21.213]] [INFO][rocket::launch::_] [[1;39mAdd CORS headers to responses[0m ([1;34mresponse[0m)]
[[2024-01-04][13:19:21.213]] [INFO][rocket::launch::_] [[1;39mTemplating[0m ([1;34mignite, liftoff, request[0m)]
[[2024-01-04][13:19:21.229]] [INFO][rocket::shield::shield] [🛡️ [35mShield[0m:]
[[2024-01-04][13:19:21.229]] [INFO][rocket::shield::shield::_] [Permissions-Policy: [39minterest-cohort=()[0m]
[[2024-01-04][13:19:21.229]] [INFO][rocket::shield::shield::_] [X-Content-Type-Options: [39mnosniff[0m]
[[2024-01-04][13:19:21.229]] [INFO][rocket::shield::shield::_] [X-Frame-Options: [39mSAMEORIGIN[0m]
[[2024-01-04][13:19:21.234]] [INFO][rocket_dyn_templates::fairing] [📐 [35mTemplating[0m:]
[[2024-01-04][13:19:21.234]] [INFO][rocket_dyn_templates::fairing::_] [directory: [39msrc/views[0m]
[[2024-01-04][13:19:21.234]] [INFO][rocket_dyn_templates::fairing::_] [engines: [39m["tera"][0m]
[[2024-01-04][13:19:21.237]] [WARN][rocket::launch] [🚀 [1;39mRocket has launched from [4mhttp://127.0.0.1:8000[0m]
[[2024-01-04][13:19:29.079]] [INFO][rocket::server] [[32mGET[0m [34m/[0m [33mtext/html[0m:]
[[2024-01-04][13:19:29.079]] [INFO][rocket::server::_] [Matched: [36m([0m[39mindex[0m[36m)[0m [32mGET[0m [34m/[0m]
[[2024-01-04][13:19:29.079]] [INFO][rocket::server::_] [[1;39mOutcome: [0m[32mSuccess[0m([39m200 OK[0m)]
[[2024-01-04][13:19:29.084]] [INFO][rocket::server::_] [[32mResponse succeeded.[0m]
[[2024-01-04][13:19:29.221]] [INFO][rocket::server] [[32mGET[0m [34m/assets/css/main.css[0m [33mtext/css[0m:]
[[2024-01-04][13:19:29.222]] [INFO][rocket::server::_] [Matched: [36m([0m[39mFileServer: static[0m[36m)[0m [32mGET[0m [4;34m/assets[0m[34m/<path..>[0m [[1;39m10[0m]]
[[2024-01-04][13:19:29.222]] [INFO][rocket::server::_] [[1;39mOutcome: [0m[32mSuccess[0m([39m200 OK[0m)]
[[2024-01-04][13:19:29.222]] [INFO][rocket::server] [[32mGET[0m [34m/assets/img/contrast-outline.svg[0m [33mimage/avif[0m:]
[[2024-01-04][13:19:29.223]] [INFO][rocket::server::_] [Matched: [36m([0m[39mFileServer: static[0m[36m)[0m [32mGET[0m [4;34m/assets[0m[34m/<path..>[0m [[1;39m10[0m]]
[[2024-01-04][13:19:29.223]] [INFO][rocket::server] [[32mGET[0m [34m/assets/img/language-outline.svg[0m [33mimage/avif[0m:]
[[2024-01-04][13:19:29.223]] [INFO][rocket::server::_] [Matched: [36m([0m[39mFileServer: static[0m[36m)[0m [32mGET[0m [4;34m/assets[0m[34m/<path..>[0m [[1;39m10[0m]]
[[2024-01-04][13:19:29.224]] [INFO][rocket::server::_] [[1;39mOutcome: [0m[32mSuccess[0m([39m200 OK[0m)]
[[2024-01-04][13:19:29.225]] [INFO][rocket::server::_] [[1;39mOutcome: [0m[32mSuccess[0m([39m200 OK[0m)]
[[2024-01-04][13:19:29.227]] [INFO][rocket::server::_] [[32mResponse succeeded.[0m]
[[2024-01-04][13:19:29.228]] [INFO][rocket::server::_] [[32mResponse succeeded.[0m]
[[2024-01-04][13:19:29.228]] [INFO][rocket::server] [[32mGET[0m [34m/assets/img/moon-outline.svg[0m [33mimage/avif[0m:]
[[2024-01-04][13:19:29.229]] [INFO][rocket::server::_] [[32mResponse succeeded.[0m]
[[2024-01-04][13:19:29.229]] [INFO][rocket::server::_] [Matched: [36m([0m[39mFileServer: static[0m[36m)[0m [32mGET[0m [4;34m/assets[0m[34m/<path..>[0m [[1;39m10[0m]]
[[2024-01-04][13:19:29.230]] [INFO][rocket::server::_] [[1;39mOutcome: [0m[32mSuccess[0m([39m200 OK[0m)]
[[2024-01-04][13:19:29.243]] [INFO][rocket::server] [[32mGET[0m [34m/assets/img/log-in-outline.svg[0m [33mimage/avif[0m:]
[[2024-01-04][13:19:29.245]] [INFO][rocket::server::_] [Matched: [36m([0m[39mFileServer: static[0m[36m)[0m [32mGET[0m [4;34m/assets[0m[34m/<path..>[0m [[1;39m10[0m]]
[[2024-01-04][13:19:29.248]] [INFO][rocket::server::_] [[1;39mOutcome: [0m[32mSuccess[0m([39m200 OK[0m)]
[[2024-01-04][13:19:29.249]] [INFO][rocket::server::_] [[32mResponse succeeded.[0m]
[[2024-01-04][13:19:29.242]] [INFO][rocket::server] [[32mGET[0m [34m/assets/img/sunny-outline.svg[0m [33mimage/avif[0m:]
[[2024-01-04][13:19:29.262]] [INFO][rocket::server::_] [Matched: [36m([0m[39mFileServer: static[0m[36m)[0m [32mGET[0m [4;34m/assets[0m[34m/<path..>[0m [[1;39m10[0m]]
[[2024-01-04][13:19:29.266]] [INFO][rocket::server::_] [[1;39mOutcome: [0m[32mSuccess[0m([39m200 OK[0m)]
[[2024-01-04][13:19:29.267]] [INFO][rocket::server::_] [[32mResponse succeeded.[0m]
[[2024-01-04][13:19:29.269]] [INFO][rocket::server::_] [[32mResponse succeeded.[0m]
[[2024-01-04][13:19:29.277]] [INFO][rocket::server] [[32mGET[0m [34m/assets/js/main.js[0m:]
[[2024-01-04][13:19:29.277]] [INFO][rocket::server::_] [Matched: [36m([0m[39mFileServer: static[0m[36m)[0m [32mGET[0m [4;34m/assets[0m[34m/<path..>[0m [[1;39m10[0m]]
[[2024-01-04][13:19:29.277]] [INFO][rocket::server::_] [[1;39mOutcome: [0m[32mSuccess[0m([39m200 OK[0m)]
[[2024-01-04][13:19:29.281]] [INFO][rocket::server::_] [[32mResponse succeeded.[0m]
[[2024-01-04][13:19:29.521]] [INFO][rocket::server] [[32mGET[0m [34m/assets/i18n/de.json[0m:]
[[2024-01-04][13:19:29.521]] [INFO][rocket::server::_] [Matched: [36m([0m[39mFileServer: static[0m[36m)[0m [32mGET[0m [4;34m/assets[0m[34m/<path..>[0m [[1;39m10[0m]]
[[2024-01-04][13:19:29.522]] [INFO][rocket::server::_] [[1;39mOutcome: [0m[32mSuccess[0m([39m200 OK[0m)]
[[2024-01-04][13:19:29.522]] [INFO][rocket::server::_] [[32mResponse succeeded.[0m]
[[2024-01-04][13:19:29.530]] [INFO][rocket::server] [[32mGET[0m [34m/assets/favicon.ico[0m [33mimage/avif[0m:]
[[2024-01-04][13:19:29.532]] [INFO][rocket::server::_] [Matched: [36m([0m[39mFileServer: static[0m[36m)[0m [32mGET[0m [4;34m/assets[0m[34m/<path..>[0m [[1;39m10[0m]]
[[2024-01-04][13:19:29.534]] [INFO][rocket::server::_] [[1;39mOutcome: [0m[32mSuccess[0m([39m200 OK[0m)]
[[2024-01-04][13:19:29.536]] [INFO][rocket::server::_] [[32mResponse succeeded.[0m]
[[2024-01-04][13:19:35.823]] [WARN][rocket::server] [Received SIGINT. Requesting shutdown.]
[[2024-01-04][13:19:35.824]] [INFO][rocket::server] [Shutdown requested. Waiting for pending I/O...]
[[2024-01-04][13:19:35.825]] [INFO][rocket::server] [Graceful shutdown completed successfully.]
